b'\xbe:,\xb4\n\xe9\xe1\x0e.\xb9\xbf\xf8'
b'\xf2+f\x15\xa7\xdc\x15\x8bv\x16\xc8y\xa9<\x9d\x1b'
b'~^\xe3\xc7\x86,R\xfcm\xe5\x87\xe2'
b"'\x00\x13\x12\r=\xc7\xec\xe0g\xea\xde\x86g\x88\xd8"
b'\xd1\xb3X\x8ez\x12\xfak\x81\xe0Q\x1e'
b'\x18]\xc8\xe4\xe6\xe4\xc9\xef\xbf\xa9\xd9\xed\x94\xb0|9'
b'\xd8o\xd2a\x1a3>\xdaj\xff=\x08'
b'\xf7\t\xdb\xeb\xec\xddZ\x86\xd7fX\x8b\xc8\xa2\xfcQ'
b'\xb9\xaeE\xeb[\x1bp\xe2\xb8\xb4\xb8\xec'
b"\x1b\xaa\xba\x00\x15\x08\x97!\xc8\x96\xbd\x7f\x1f'\n\x02"
b'\xa7\xbf\xa9\xb9\xc6\xd3e8\xc7FJ\xb6'
b's\x90\xa5\x1b}\x8e*\xf0\x11+\x998HE\x8f;'
b'\x9ci\xe9\xb0\xecC_\xba\xc3S)`'
b'\xa2qn\x15:\x16J\x0c\xba\x7f\x8b\xdd\x08\xa4\xaf/'
b'\xd9:\x93\xb9x\x14\xdaA#\x14O\xa6'
b'OR\x98X\x89\x83\xd4\xadoVwE\xbc\xa6\x03\xca'
b'\x86\x06\x17FreAe%\xf9\xa0g'
b'\x90G\xc99\xc4\xe8uT(\xe9\x13\xe1\xb5\xda\xa3K'
b"\x87j\xca'\xbd<\xf8\x8f%\x82\xfaj"
b'\xc7\xd94f&wHq\xa0\x00c\xe0{\x05dz'
b'\xbecB{~\xf6{[\xd6}\x99O'
b'\xa4\xf7\xb0Zw\xf1\xfb\xe0\xd1\xf8%%\xa3\xcc\xcd\x00'
